C51 COMPILER V9.53.0.0   INTERRUPTS                                                        04/07/2023 14:30:22 PAGE 1   


C51 COMPILER V9.53.0.0, COMPILATION OF MODULE INTERRUPTS
OBJECT MODULE PLACED IN .\src\Interrupts.OBJ
COMPILER INVOKED BY: c:\SiliconLabs\SimplicityStudio\v4\developer\toolchains\keil_8051\9.53\BIN\C51.exe C:\Users\Rajko\S
                    -implicityStudio\v4_workspace\firmware_ic_vent\src\Interrupts.c OMF2 SMALL DEBUG OBJECTEXTEND ROM(LARGE) WARNINGLEVEL(2) 
                    -FLOATFUZZY(3) OPTIMIZE(8,SPEED) DEFINE(DEBUG=1) INTVECTOR(0X0000) INTPROMOTE INCDIR(C:\Users\Rajko\SimplicityStudio\v4_w
                    -orkspace\firmware_ic_vent\inc;C:/SiliconLabs/SimplicityStudio/v4/developer/sdks/8051/v4.1.1//Device/shared/si8051base;C:
                    -/SiliconLabs/SimplicityStudio/v4/developer/sdks/8051/v4.1.1//Device/EFM8BB3/inc) PRINT(.\src\Interrupts.lst) COND PAGEWI
                    -DTH(120) PAGELENGTH(65) OBJECT(.\src\Interrupts.OBJ)

line level    source

   1          //=========================================================
   2          // src/Interrupts.c: generated by Hardware Configurator
   3          //
   4          // This file will be regenerated when saving a document.
   5          // leave the sections inside the "$[...]" comment tags alone
   6          // or they will be overwritten!!
   7          //=========================================================
   8          //-----------------------------------------------------------------------------
   9          // INT0_ISR
  10          //-----------------------------------------------------------------------------
  11          //
  12          // INT0 ISR Content goes here. Remember to clear flag bits:
  13          // TCON::IE0 (External Interrupt 0)
  14          //
  15          //-----------------------------------------------------------------------------


MODULE INFORMATION:   STATIC OVERLAYABLE
   CODE SIZE        =   ----    ----
   CONSTANT SIZE    =   ----    ----
   XDATA SIZE       =   ----    ----
   PDATA SIZE       =   ----    ----
   DATA SIZE        =   ----    ----
   IDATA SIZE       =   ----    ----
   BIT SIZE         =   ----    ----
   EDATA SIZE       =   ----    ----
   HDATA SIZE       =   ----    ----
   XDATA CONST SIZE =   ----    ----
   FAR CONST SIZE   =   ----    ----
END OF MODULE INFORMATION.


C51 COMPILATION COMPLETE.  0 WARNING(S),  0 ERROR(S)
